INFO - 2019-01-08 00:08:09,769 - 开始执行脚本 index (2).py
INFO - 2019-01-08 00:08:27,796 - 点击歌单: <a title="“请允许我与世界保持安静的距离”" href="/playlist?id=2492999002" class="msk" data-res-id="2492999002" data-res-type="13" data-res-action="log" data-res-data="recommendclick|0|featured|user-playlist"></a>
INFO - 2019-01-08 00:08:48,513 - 点击歌曲
INFO - 2019-01-08 00:09:06,525 - 点击歌曲
INFO - 2019-01-08 00:09:23,452 - 点击歌曲
INFO - 2019-01-08 00:09:39,535 - 点击歌曲
INFO - 2019-01-08 00:09:55,934 - 点击歌曲
INFO - 2019-01-08 00:10:12,350 - 点击歌曲
INFO - 2019-01-08 00:10:28,971 - 点击歌曲
INFO - 2019-01-08 00:10:45,414 - 点击歌曲
INFO - 2019-01-08 00:11:02,046 - 点击歌曲
INFO - 2019-01-08 00:11:18,404 - 点击歌曲
INFO - 2019-01-08 00:11:35,182 - 点击歌曲
INFO - 2019-01-08 00:11:51,716 - 点击歌曲
INFO - 2019-01-08 00:12:08,247 - 点击歌曲
INFO - 2019-01-08 00:12:24,838 - 点击歌曲
INFO - 2019-01-08 00:12:41,359 - 点击歌曲
INFO - 2019-01-08 00:12:57,802 - 点击歌曲
INFO - 2019-01-08 00:13:14,561 - 点击歌曲
INFO - 2019-01-08 00:13:30,907 - 点击歌曲
INFO - 2019-01-08 00:13:47,090 - 点击歌曲
INFO - 2019-01-08 00:14:03,306 - 点击歌曲
INFO - 2019-01-08 00:14:19,403 - 点击歌曲
INFO - 2019-01-08 00:14:35,488 - 点击歌曲
INFO - 2019-01-08 00:14:52,188 - 点击歌曲
INFO - 2019-01-08 00:15:08,503 - 点击歌曲
INFO - 2019-01-08 00:15:25,150 - 点击歌曲
INFO - 2019-01-08 00:15:41,295 - 点击歌曲
INFO - 2019-01-08 00:15:57,620 - 点击歌曲
INFO - 2019-01-08 00:16:13,770 - 点击歌曲
INFO - 2019-01-08 00:16:32,382 - 点击歌曲
INFO - 2019-01-08 00:16:49,625 - 点击歌曲
INFO - 2019-01-08 00:17:06,467 - 点击歌曲
INFO - 2019-01-08 00:17:23,370 - 点击歌曲
INFO - 2019-01-08 00:17:40,340 - 点击歌曲
INFO - 2019-01-08 00:17:56,838 - 点击歌曲
INFO - 2019-01-08 00:18:13,252 - 点击歌曲
INFO - 2019-01-08 00:18:29,676 - 点击歌曲
INFO - 2019-01-08 00:18:46,213 - 点击歌曲
INFO - 2019-01-08 00:19:02,646 - 点击歌曲
INFO - 2019-01-08 00:19:19,044 - 点击歌曲
INFO - 2019-01-08 00:19:35,519 - 点击歌曲
INFO - 2019-01-08 00:19:51,956 - 点击歌曲
INFO - 2019-01-08 00:20:08,400 - 点击歌曲
INFO - 2019-01-08 00:20:24,923 - 点击歌曲
INFO - 2019-01-08 00:20:41,365 - 点击歌曲
INFO - 2019-01-08 00:20:57,872 - 点击歌曲
INFO - 2019-01-08 00:21:14,342 - 点击歌曲
INFO - 2019-01-08 00:21:30,751 - 点击歌曲
INFO - 2019-01-08 00:21:47,177 - 点击歌曲
INFO - 2019-01-08 00:22:03,586 - 点击歌曲
INFO - 2019-01-08 00:22:19,882 - 点击歌曲
INFO - 2019-01-08 00:22:36,188 - 点击歌曲
INFO - 2019-01-08 00:22:52,683 - 点击歌曲
INFO - 2019-01-08 00:23:09,259 - 点击歌曲
INFO - 2019-01-08 00:26:10,620 - 开始执行脚本 index (2).py
INFO - 2019-01-08 00:26:26,887 - 点击歌单: <a title="“请允许我与世界保持安静的距离”" href="/playlist?id=2492999002" class="msk" data-res-id="2492999002" data-res-type="13" data-res-action="log" data-res-data="recommendclick|0|featured|user-playlist"></a>
INFO - 2019-01-08 00:26:46,349 - 点击歌曲
INFO - 2019-01-08 00:27:04,389 - 点击歌曲
INFO - 2019-01-08 00:27:22,311 - 点击歌曲
INFO - 2019-01-08 00:27:39,199 - 点击歌曲
INFO - 2019-01-08 00:27:57,493 - 点击歌曲
INFO - 2019-01-08 00:28:15,565 - 点击歌曲
INFO - 2019-01-08 00:28:33,983 - 点击歌曲
INFO - 2019-01-08 00:28:54,008 - 开始执行脚本 index (2).py
INFO - 2019-01-08 00:29:09,532 - 点击歌单: <a title="“请允许我与世界保持安静的距离”" href="/playlist?id=2492999002" class="msk" data-res-id="2492999002" data-res-type="13" data-res-action="log" data-res-data="recommendclick|0|featured|user-playlist"></a>
INFO - 2019-01-08 00:29:30,095 - 点击歌曲<a href="/song?id=29897527"><b title="难得孤寂">难得<div class="soil">叫满中单</div>孤寂</b></a>
INFO - 2019-01-08 00:29:48,666 - 点击歌曲<a href="/song?id=64093"><b title="孤独患者">孤独<div class="soil">及细</div>患者</b></a>
INFO - 2019-01-08 00:30:09,918 - 点击歌曲<a href="/song?id=1337618049"><b title="她不曾">她<div class="soil">飞涭苌華</div>不曾</b></a>
INFO - 2019-01-08 00:30:32,412 - 点击歌曲<a href="/song?id=421423807"><b title="无生无">无<div class="soil">干整都根</div>生无</b></a>
INFO - 2019-01-08 00:30:50,793 - 点击歌曲<a href="/song?id=512063676"><b title="我纷扬的世间 - (The&nbsp;Festival&nbsp;of&nbsp;Insignificance)">我<div class="soil">漬彬謉</div>纷扬的世间</b></a>
INFO - 2019-01-08 00:31:09,130 - 点击歌曲<a href="/song?id=431794628"><b title="孤独">孤<div class="soil">荇墶</div>独</b></a>
INFO - 2019-01-08 00:31:26,991 - 点击歌曲<a href="/song?id=546722350"><b title="十一种孤独">十<div class="soil">矿示新层</div>一种孤独</b></a>
INFO - 2019-01-08 00:31:45,243 - 点击歌曲<a href="/song?id=1297750680"><b title="这是你想要的生活吗">这是你想要的<div class="soil">元位深</div>生活吗</b></a>
INFO - 2019-01-08 00:32:07,922 - 点击歌曲<a href="/song?id=135087"><b title="寂寞有多长">寂寞有<div class="soil">统越开与</div>多长</b></a>
INFO - 2019-01-08 00:42:54,603 - 开始执行脚本 index (2).py
INFO - 2019-01-08 00:43:10,165 - 点击歌单: <a title="“请允许我与世界保持安静的距离”" href="/playlist?id=2492999002" class="msk" data-res-id="2492999002" data-res-type="13" data-res-action="log" data-res-data="recommendclick|0|featured|user-playlist"></a>
INFO - 2019-01-08 00:43:31,884 - 点击歌曲<a href="/song?id=29897527"><b title="难得孤寂">难得<div class="soil">身问江电重</div>孤寂</b></a>
INFO - 2019-01-08 00:43:52,861 - 点击歌曲<a href="/song?id=64093"><b title="孤独患者">孤独<div class="soil">充八蛆</div>患者</b></a>
INFO - 2019-01-08 00:44:13,248 - 点击歌曲<a href="/song?id=1337618049"><b title="她不曾">她<div class="soil">潔栁脬</div>不曾</b></a>
INFO - 2019-01-08 00:44:31,706 - 点击歌曲<a href="/song?id=421423807"><b title="无生无">无<div class="soil">复觿攩</div>生无</b></a>
WARNING - 2019-01-08 00:44:40,593 - (1366, "Incorrect string value: '\\xF0\\x9F\\x91\\xBB\\xC2\\xA0...' for column 'cContent' at row 1")
WARNING - 2019-01-08 00:44:43,379 - (1366, "Incorrect string value: '\\xF0\\x9F\\x90\\xB4' for column 'cContent' at row 1")
WARNING - 2019-01-08 00:44:43,718 - (1366, "Incorrect string value: '\\xF0\\x9F\\x98\\x82' for column 'cContent' at row 1")
INFO - 2019-01-08 00:44:53,786 - 点击歌曲<a href="/song?id=512063676"><b title="我纷扬的世间 - (The&nbsp;Festival&nbsp;of&nbsp;Insignificance)">我纷扬<div class="soil">涺翷</div>的世间</b></a>
WARNING - 2019-01-08 00:45:01,575 - (1366, "Incorrect string value: '\\xF0\\x9F\\x92\\x99' for column 'cContent' at row 1")
INFO - 2019-01-08 00:45:14,146 - 点击歌曲<a href="/song?id=431794628"><b title="孤独">孤<div class="soil">镺旋箋</div>独</b></a>
INFO - 2019-01-08 00:45:34,149 - 点击歌曲<a href="/song?id=546722350"><b title="十一种孤独">十一<div class="soil">更院</div>种孤独</b></a>
WARNING - 2019-01-08 00:45:41,391 - (1366, "Incorrect string value: '\\xF0\\x9F\\x8C\\x99' for column 'cContent' at row 1")
WARNING - 2019-01-08 00:45:43,734 - (1366, "Incorrect integer value: '%E9%80%83%E8%B7%91%E9%9A%A7%E9%81%93' for column 'uuId' at row 1")
INFO - 2019-01-08 00:45:55,015 - 点击歌曲<a href="/song?id=1297750680"><b title="这是你想要的生活吗">这是你想要<div class="soil">贂</div>的生活吗</b></a>
INFO - 2019-01-08 00:46:15,553 - 点击歌曲<a href="/song?id=135087"><b title="寂寞有多长">寂寞有<div class="soil">妐</div>多长</b></a>
INFO - 2019-01-08 00:46:38,585 - 点击歌曲<a href="/song?id=416384217"><b title="世界的喧嚣与我无关">世<div class="soil">响海</div>界的喧嚣与我无关</b></a>
INFO - 2019-01-08 00:49:48,264 - 开始执行脚本 index (2).py
INFO - 2019-01-08 00:50:04,068 - 点击歌单: <a title="“请允许我与世界保持安静的距离”" href="/playlist?id=2492999002" class="msk" data-res-id="2492999002" data-res-type="13" data-res-action="log" data-res-data="recommendclick|0|featured|user-playlist"></a>
INFO - 2019-01-08 00:50:25,825 - 点击歌曲<a href="/song?id=29897527"><b title="难得孤寂">难<div class="soil">瘍棟</div>得孤寂</b></a>
INFO - 2019-01-08 00:52:33,482 - 开始执行脚本 index (2).py
INFO - 2019-01-08 00:52:48,984 - 点击歌单: <a title="“请允许我与世界保持安静的距离”" href="/playlist?id=2492999002" class="msk" data-res-id="2492999002" data-res-type="13" data-res-action="log" data-res-data="recommendclick|0|featured|user-playlist"></a>
INFO - 2019-01-09 00:53:32,377 - 开始执行脚本 index (2).py
INFO - 2019-01-09 00:56:16,652 - 点击歌单: <a title="华语速爆新歌" href="/playlist?id=924680166" class="msk" data-res-id="924680166" data-res-type="13" data-res-action="log" data-res-data="recommendclick|0|featured|user-playlist"></a>
ERROR - 2019-01-09 00:57:38,387 - Message: no such element: Unable to locate element: {"method":"xpath","selector":"//iframe[@name="contentFrame"]"}
  (Session info: chrome=70.0.3538.67)
  (Driver info: chromedriver=71.0.3578.80 (2ac50e7249fbd55e6f517a28131605c9fb9fe897),platform=Windows NT 6.3.9600 x86_64)

INFO - 2019-01-09 00:59:05,781 - 开始执行脚本 index (2).py
INFO - 2019-01-09 00:59:32,539 - 点击歌单: <a title="华语速爆新歌" href="/playlist?id=924680166" class="msk" data-res-id="924680166" data-res-type="13" data-res-action="log" data-res-data="recommendclick|0|featured|user-playlist"></a>
ERROR - 2019-01-09 00:59:58,934 - Message: no such element: Unable to locate element: {"method":"xpath","selector":"//h2[@class='f-ff2 f-brk']"}
  (Session info: chrome=70.0.3538.67)
  (Driver info: chromedriver=71.0.3578.80 (2ac50e7249fbd55e6f517a28131605c9fb9fe897),platform=Windows NT 6.3.9600 x86_64)

